<?xml version="1.0" encoding="UTF-8"?>
<robot generator="Robot 6.0.1 (Python 3.11.1 on win32)" generated="20230102 16:04:15.071" rpa="false" schemaversion="3">
<suite id="s1" name="ArgumentsDemo" source="c:\MyTests\Tests\ArgumentsDemo.robot">
<test id="s1-t1" name="Argument demo" line="10">
<kw name="Test Case 1">
<arg>${arg1}</arg>
<arg>${arg2}</arg>
<doc>testing arguments</doc>
<kw name="Log To Console" library="BuiltIn">
<arg>${arg1} ${arg2}</arg>
<doc>Logs the given message to the console.</doc>
<status status="PASS" starttime="20230102 16:04:15.111" endtime="20230102 16:04:15.112"/>
</kw>
<status status="PASS" starttime="20230102 16:04:15.110" endtime="20230102 16:04:15.112"/>
</kw>
<doc>testing arguments</doc>
<status status="PASS" starttime="20230102 16:04:15.109" endtime="20230102 16:04:15.113"/>
</test>
<doc>testing arguments in robot framework</doc>
<status status="PASS" starttime="20230102 16:04:15.081" endtime="20230102 16:04:15.115"/>
</suite>
<statistics>
<total>
<stat pass="1" fail="0" skip="0">All Tests</stat>
</total>
<tag>
</tag>
<suite>
<stat pass="1" fail="0" skip="0" id="s1" name="ArgumentsDemo">ArgumentsDemo</stat>
</suite>
</statistics>
<errors>
</errors>
</robot>
